  [1m[35m (0.1ms)[0m  [1m[34mSELECT sqlite_version(*)[0m
  ↳ bin/rails:9
  [1m[35m (2.1ms)[0m  [1m[35mCREATE TABLE "schema_migrations" ("version" varchar NOT NULL PRIMARY KEY)[0m
  ↳ bin/rails:9
  [1m[35m (1.3ms)[0m  [1m[35mCREATE TABLE "ar_internal_metadata" ("key" varchar NOT NULL PRIMARY KEY, "value" varchar, "created_at" datetime NOT NULL, "updated_at" datetime NOT NULL)[0m
  ↳ bin/rails:9
  [1m[35m (0.3ms)[0m  [1m[34mSELECT "schema_migrations"."version" FROM "schema_migrations" ORDER BY "schema_migrations"."version" ASC[0m
  ↳ bin/rails:9
Migrating to CreateUsers (20211122151900)
  [1m[35m (0.0ms)[0m  [1m[36mbegin transaction[0m
  ↳ bin/rails:9
  [1m[35m (0.7ms)[0m  [1m[35mCREATE TABLE "users" ("id" integer PRIMARY KEY AUTOINCREMENT NOT NULL, "username" varchar NOT NULL, "password_digest" varchar NOT NULL, "session_token" varchar NOT NULL, "created_at" datetime NOT NULL, "updated_at" datetime NOT NULL)[0m
  ↳ db/migrate/20211122151900_create_users.rb:3
  [1m[35m (0.1ms)[0m  [1m[35mCREATE  INDEX "index_users_on_username" ON "users" ("username")[0m
  ↳ db/migrate/20211122151900_create_users.rb:9
  [1m[36mActiveRecord::SchemaMigration Create (2.5ms)[0m  [1m[32mINSERT INTO "schema_migrations" ("version") VALUES (?)[0m  [["version", "20211122151900"]]
  ↳ bin/rails:9
  [1m[35m (141.9ms)[0m  [1m[36mcommit transaction[0m
  ↳ bin/rails:9
  [1m[36mActiveRecord::InternalMetadata Load (0.3ms)[0m  [1m[34mSELECT  "ar_internal_metadata".* FROM "ar_internal_metadata" WHERE "ar_internal_metadata"."key" = ? LIMIT ?[0m  [["key", "environment"], ["LIMIT", 1]]
  ↳ bin/rails:9
  [1m[35m (0.0ms)[0m  [1m[36mbegin transaction[0m
  ↳ bin/rails:9
  [1m[36mActiveRecord::InternalMetadata Create (0.5ms)[0m  [1m[32mINSERT INTO "ar_internal_metadata" ("key", "value", "created_at", "updated_at") VALUES (?, ?, ?, ?)[0m  [["key", "environment"], ["value", "development"], ["created_at", "2021-11-22 17:12:07.838859"], ["updated_at", "2021-11-22 17:12:07.838859"]]
  ↳ bin/rails:9
  [1m[35m (1.1ms)[0m  [1m[36mcommit transaction[0m
  ↳ bin/rails:9
  [1m[35m (0.2ms)[0m  [1m[34mSELECT "schema_migrations"."version" FROM "schema_migrations" ORDER BY "schema_migrations"."version" ASC[0m
  ↳ bin/rails:9
  [1m[35m (0.5ms)[0m  [1m[34mSELECT "schema_migrations"."version" FROM "schema_migrations" ORDER BY "schema_migrations"."version" ASC[0m
  ↳ bin/rails:9
Migrating to CreateOrders (20211122171825)
  [1m[35m (0.1ms)[0m  [1m[36mbegin transaction[0m
  ↳ bin/rails:9
  [1m[35m (0.1ms)[0m  [1m[31mrollback transaction[0m
  ↳ bin/rails:9
  [1m[35m (0.4ms)[0m  [1m[34mSELECT "schema_migrations"."version" FROM "schema_migrations" ORDER BY "schema_migrations"."version" ASC[0m
  ↳ bin/rails:9
Migrating to CreateOrders (20211122171825)
  [1m[35m (0.1ms)[0m  [1m[36mbegin transaction[0m
  ↳ bin/rails:9
  [1m[35m (0.1ms)[0m  [1m[34mSELECT sqlite_version(*)[0m
  ↳ db/migrate/20211122171825_create_orders.rb:3
  [1m[35m (0.9ms)[0m  [1m[35mCREATE TABLE "orders" ("id" integer PRIMARY KEY AUTOINCREMENT NOT NULL, "quantity" integer NOT NULL, "user_id" integer NOT NULL, "furniture_id" integer NOT NULL, "created_at" datetime NOT NULL, "updated_at" datetime NOT NULL)[0m
  ↳ db/migrate/20211122171825_create_orders.rb:3
  [1m[36mActiveRecord::SchemaMigration Create (0.7ms)[0m  [1m[32mINSERT INTO "schema_migrations" ("version") VALUES (?)[0m  [["version", "20211122171825"]]
  ↳ bin/rails:9
  [1m[35m (1.0ms)[0m  [1m[36mcommit transaction[0m
  ↳ bin/rails:9
  [1m[36mActiveRecord::InternalMetadata Load (1.7ms)[0m  [1m[34mSELECT  "ar_internal_metadata".* FROM "ar_internal_metadata" WHERE "ar_internal_metadata"."key" = ? LIMIT ?[0m  [["key", "environment"], ["LIMIT", 1]]
  ↳ bin/rails:9
  [1m[35m (0.1ms)[0m  [1m[36mbegin transaction[0m
  ↳ bin/rails:9
  [1m[35m (0.1ms)[0m  [1m[36mcommit transaction[0m
  ↳ bin/rails:9
  [1m[35m (0.3ms)[0m  [1m[34mSELECT "schema_migrations"."version" FROM "schema_migrations" ORDER BY "schema_migrations"."version" ASC[0m
  ↳ bin/rails:9
  [1m[35m (0.4ms)[0m  [1m[34mSELECT "schema_migrations"."version" FROM "schema_migrations" ORDER BY "schema_migrations"."version" ASC[0m
  ↳ bin/rails:9
Migrating to CreateFurnitures (20211122172524)
  [1m[35m (0.1ms)[0m  [1m[36mbegin transaction[0m
  ↳ bin/rails:9
  [1m[35m (0.1ms)[0m  [1m[34mSELECT sqlite_version(*)[0m
  ↳ db/migrate/20211122172524_create_furnitures.rb:3
  [1m[35m (0.6ms)[0m  [1m[35mCREATE TABLE "furnitures" ("id" integer PRIMARY KEY AUTOINCREMENT NOT NULL, "furniture_name" varchar NOT NULL, "furniture_type" varchar NOT NULL, "furniture_color" varchar NOT NULL, "description" varchar NOT NULL, "created_at" datetime NOT NULL, "updated_at" datetime NOT NULL)[0m
  ↳ db/migrate/20211122172524_create_furnitures.rb:3
  [1m[36mActiveRecord::SchemaMigration Create (1.1ms)[0m  [1m[32mINSERT INTO "schema_migrations" ("version") VALUES (?)[0m  [["version", "20211122172524"]]
  ↳ bin/rails:9
  [1m[35m (1.0ms)[0m  [1m[36mcommit transaction[0m
  ↳ bin/rails:9
  [1m[36mActiveRecord::InternalMetadata Load (1.2ms)[0m  [1m[34mSELECT  "ar_internal_metadata".* FROM "ar_internal_metadata" WHERE "ar_internal_metadata"."key" = ? LIMIT ?[0m  [["key", "environment"], ["LIMIT", 1]]
  ↳ bin/rails:9
  [1m[35m (0.1ms)[0m  [1m[36mbegin transaction[0m
  ↳ bin/rails:9
  [1m[35m (0.1ms)[0m  [1m[36mcommit transaction[0m
  ↳ bin/rails:9
  [1m[35m (0.2ms)[0m  [1m[34mSELECT "schema_migrations"."version" FROM "schema_migrations" ORDER BY "schema_migrations"."version" ASC[0m
  ↳ bin/rails:9
  [1m[35m (0.4ms)[0m  [1m[34mSELECT "schema_migrations"."version" FROM "schema_migrations" ORDER BY "schema_migrations"."version" ASC[0m
  ↳ bin/rails:9
Migrating to CreateReviews (20211122172734)
  [1m[35m (0.1ms)[0m  [1m[36mbegin transaction[0m
  ↳ bin/rails:9
  [1m[35m (0.2ms)[0m  [1m[34mSELECT sqlite_version(*)[0m
  ↳ db/migrate/20211122172734_create_reviews.rb:3
  [1m[35m (1.5ms)[0m  [1m[35mCREATE TABLE "reviews" ("id" integer PRIMARY KEY AUTOINCREMENT NOT NULL, "title" varchar NOT NULL, "body" text NOT NULL, "stars" integer NOT NULL, "reviewer_id" integer NOT NULL, "furniture_id" integer NOT NULL, "created_at" datetime NOT NULL, "updated_at" datetime NOT NULL)[0m
  ↳ db/migrate/20211122172734_create_reviews.rb:3
  [1m[36mActiveRecord::SchemaMigration Create (1.7ms)[0m  [1m[32mINSERT INTO "schema_migrations" ("version") VALUES (?)[0m  [["version", "20211122172734"]]
  ↳ bin/rails:9
  [1m[35m (1.6ms)[0m  [1m[36mcommit transaction[0m
  ↳ bin/rails:9
  [1m[36mActiveRecord::InternalMetadata Load (0.7ms)[0m  [1m[34mSELECT  "ar_internal_metadata".* FROM "ar_internal_metadata" WHERE "ar_internal_metadata"."key" = ? LIMIT ?[0m  [["key", "environment"], ["LIMIT", 1]]
  ↳ bin/rails:9
  [1m[35m (0.1ms)[0m  [1m[36mbegin transaction[0m
  ↳ bin/rails:9
  [1m[35m (0.0ms)[0m  [1m[36mcommit transaction[0m
  ↳ bin/rails:9
  [1m[35m (0.1ms)[0m  [1m[34mSELECT "schema_migrations"."version" FROM "schema_migrations" ORDER BY "schema_migrations"."version" ASC[0m
  ↳ bin/rails:9
  [1m[35m (0.4ms)[0m  [1m[34mSELECT "schema_migrations"."version" FROM "schema_migrations" ORDER BY "schema_migrations"."version" ASC[0m
  ↳ /Users/jeffshin/.rbenv/versions/2.5.1/bin/annotate:23
  [1m[35m (0.5ms)[0m  [1m[34mSELECT "schema_migrations"."version" FROM "schema_migrations" ORDER BY "schema_migrations"."version" ASC[0m
  ↳ bin/rails:9
Migrating to ReviseColumn (20211122183824)
  [1m[35m (0.5ms)[0m  [1m[34mSELECT "schema_migrations"."version" FROM "schema_migrations" ORDER BY "schema_migrations"."version" ASC[0m
  ↳ bin/rails:9
Migrating to ReviseColumn (20211122183824)
  [1m[35m (0.1ms)[0m  [1m[36mbegin transaction[0m
  ↳ bin/rails:9
  [1m[35m (0.1ms)[0m  [1m[34mSELECT sqlite_version(*)[0m
  ↳ db/migrate/20211122183824_revise_column.rb:3
  [1m[35m (0.4ms)[0m  [1m[35mCREATE TEMPORARY TABLE "afurnitures" ("id" integer NOT NULL PRIMARY KEY, "name" varchar NOT NULL, "furniture_type" varchar NOT NULL, "furniture_color" varchar NOT NULL, "description" varchar NOT NULL, "created_at" datetime NOT NULL, "updated_at" datetime NOT NULL)[0m
  ↳ db/migrate/20211122183824_revise_column.rb:3
  [1m[35m (0.4ms)[0m  [1m[32mINSERT INTO "afurnitures" ("id","name","furniture_type","furniture_color","description","created_at","updated_at")
                     SELECT "id","furniture_name","furniture_type","furniture_color","description","created_at","updated_at" FROM "furnitures"[0m
  ↳ db/migrate/20211122183824_revise_column.rb:3
  [1m[35m (1.1ms)[0m  [1m[35mDROP TABLE "furnitures"[0m
  ↳ db/migrate/20211122183824_revise_column.rb:3
  [1m[35m (0.9ms)[0m  [1m[35mCREATE TABLE "furnitures" ("id" integer NOT NULL PRIMARY KEY, "name" varchar NOT NULL, "furniture_type" varchar NOT NULL, "furniture_color" varchar NOT NULL, "description" varchar NOT NULL, "created_at" datetime NOT NULL, "updated_at" datetime NOT NULL)[0m
  ↳ db/migrate/20211122183824_revise_column.rb:3
  [1m[35m (0.1ms)[0m  [1m[32mINSERT INTO "furnitures" ("id","name","furniture_type","furniture_color","description","created_at","updated_at")
                     SELECT "id","name","furniture_type","furniture_color","description","created_at","updated_at" FROM "afurnitures"[0m
  ↳ db/migrate/20211122183824_revise_column.rb:3
  [1m[35m (0.2ms)[0m  [1m[35mDROP TABLE "afurnitures"[0m
  ↳ db/migrate/20211122183824_revise_column.rb:3
  [1m[35m (0.2ms)[0m  [1m[35mCREATE TEMPORARY TABLE "afurnitures" ("id" integer NOT NULL PRIMARY KEY, "name" varchar NOT NULL, "type" varchar NOT NULL, "furniture_color" varchar NOT NULL, "description" varchar NOT NULL, "created_at" datetime NOT NULL, "updated_at" datetime NOT NULL)[0m
  ↳ db/migrate/20211122183824_revise_column.rb:4
  [1m[35m (0.1ms)[0m  [1m[32mINSERT INTO "afurnitures" ("id","name","type","furniture_color","description","created_at","updated_at")
                     SELECT "id","name","furniture_type","furniture_color","description","created_at","updated_at" FROM "furnitures"[0m
  ↳ db/migrate/20211122183824_revise_column.rb:4
  [1m[35m (3.3ms)[0m  [1m[35mDROP TABLE "furnitures"[0m
  ↳ db/migrate/20211122183824_revise_column.rb:4
  [1m[35m (0.2ms)[0m  [1m[35mCREATE TABLE "furnitures" ("id" integer NOT NULL PRIMARY KEY, "name" varchar NOT NULL, "type" varchar NOT NULL, "furniture_color" varchar NOT NULL, "description" varchar NOT NULL, "created_at" datetime NOT NULL, "updated_at" datetime NOT NULL)[0m
  ↳ db/migrate/20211122183824_revise_column.rb:4
  [1m[35m (0.1ms)[0m  [1m[32mINSERT INTO "furnitures" ("id","name","type","furniture_color","description","created_at","updated_at")
                     SELECT "id","name","type","furniture_color","description","created_at","updated_at" FROM "afurnitures"[0m
  ↳ db/migrate/20211122183824_revise_column.rb:4
  [1m[35m (0.2ms)[0m  [1m[35mDROP TABLE "afurnitures"[0m
  ↳ db/migrate/20211122183824_revise_column.rb:4
  [1m[35m (0.2ms)[0m  [1m[35mCREATE TEMPORARY TABLE "afurnitures" ("id" integer NOT NULL PRIMARY KEY, "name" varchar NOT NULL, "type" varchar NOT NULL, "color" varchar NOT NULL, "description" varchar NOT NULL, "created_at" datetime NOT NULL, "updated_at" datetime NOT NULL)[0m
  ↳ db/migrate/20211122183824_revise_column.rb:5
  [1m[35m (1.1ms)[0m  [1m[32mINSERT INTO "afurnitures" ("id","name","type","color","description","created_at","updated_at")
                     SELECT "id","name","type","furniture_color","description","created_at","updated_at" FROM "furnitures"[0m
  ↳ db/migrate/20211122183824_revise_column.rb:5
  [1m[35m (0.2ms)[0m  [1m[35mDROP TABLE "furnitures"[0m
  ↳ db/migrate/20211122183824_revise_column.rb:5
  [1m[35m (0.2ms)[0m  [1m[35mCREATE TABLE "furnitures" ("id" integer NOT NULL PRIMARY KEY, "name" varchar NOT NULL, "type" varchar NOT NULL, "color" varchar NOT NULL, "description" varchar NOT NULL, "created_at" datetime NOT NULL, "updated_at" datetime NOT NULL)[0m
  ↳ db/migrate/20211122183824_revise_column.rb:5
  [1m[35m (0.1ms)[0m  [1m[32mINSERT INTO "furnitures" ("id","name","type","color","description","created_at","updated_at")
                     SELECT "id","name","type","color","description","created_at","updated_at" FROM "afurnitures"[0m
  ↳ db/migrate/20211122183824_revise_column.rb:5
  [1m[35m (0.1ms)[0m  [1m[35mDROP TABLE "afurnitures"[0m
  ↳ db/migrate/20211122183824_revise_column.rb:5
  [1m[36mActiveRecord::SchemaMigration Create (2.4ms)[0m  [1m[32mINSERT INTO "schema_migrations" ("version") VALUES (?)[0m  [["version", "20211122183824"]]
  ↳ bin/rails:9
  [1m[35m (2.3ms)[0m  [1m[36mcommit transaction[0m
  ↳ bin/rails:9
  [1m[36mActiveRecord::InternalMetadata Load (0.9ms)[0m  [1m[34mSELECT  "ar_internal_metadata".* FROM "ar_internal_metadata" WHERE "ar_internal_metadata"."key" = ? LIMIT ?[0m  [["key", "environment"], ["LIMIT", 1]]
  ↳ bin/rails:9
  [1m[35m (0.2ms)[0m  [1m[36mbegin transaction[0m
  ↳ bin/rails:9
  [1m[35m (0.0ms)[0m  [1m[36mcommit transaction[0m
  ↳ bin/rails:9
  [1m[35m (0.2ms)[0m  [1m[34mSELECT "schema_migrations"."version" FROM "schema_migrations" ORDER BY "schema_migrations"."version" ASC[0m
  ↳ bin/rails:9
